aliyun/AliyunVideoCommon/build/intermediates/manifest_merge_blame_file/release/manifest-merger-blame-release-report.txt
1<?xml version="1.0" encoding="utf-8"?>
2<manifest xmlns:android="http://schemas.android.com/apk/res/android"
3    xmlns:tools="http://schemas.android.com/tools"
4    package="com.aliyun.svideo.common" >
5
6    <uses-sdk
7        android:minSdkVersion="21"
7-->src/main/AndroidManifest.xml
8        android:targetSdkVersion="27" />
8-->src/main/AndroidManifest.xml
9    <!-- 网络/网络状态 -->
10    <uses-permission android:name="android.permission.ACCESS_NETWORK_STATE" />
10-->src/main/AndroidManifest.xml:5:5-79
10-->src/main/AndroidManifest.xml:5:22-76
11    <uses-permission android:name="android.permission.INTERNET" />
11-->src/main/AndroidManifest.xml:6:5-67
11-->src/main/AndroidManifest.xml:6:22-64
12    <uses-permission android:name="android.permission.ACCESS_WIFI_STATE" />
12-->src/main/AndroidManifest.xml:7:5-75
12-->src/main/AndroidManifest.xml:7:22-73
13    <uses-permission android:name="android.permission.CHANGE_WIFI_STATE" />
13-->src/main/AndroidManifest.xml:8:5-75
13-->src/main/AndroidManifest.xml:8:22-73
14    <!-- Sdcard读写权限 -->
15    <uses-permission android:name="android.permission.WRITE_EXTERNAL_STORAGE" />
15-->src/main/AndroidManifest.xml:10:5-81
15-->src/main/AndroidManifest.xml:10:22-78
16    <uses-permission android:name="android.permission.READ_EXTERNAL_STORAGE" />
16-->src/main/AndroidManifest.xml:11:5-80
16-->src/main/AndroidManifest.xml:11:22-77
17    <!-- 摄像头录音权限 -->
18    <uses-permission android:name="android.permission.CAMERA" />
18-->src/main/AndroidManifest.xml:13:5-65
18-->src/main/AndroidManifest.xml:13:22-62
19    <uses-permission android:name="android.permission.RECORD_AUDIO" />
19-->src/main/AndroidManifest.xml:14:5-71
19-->src/main/AndroidManifest.xml:14:22-68
20    <!-- 电话状态权限 -->
21    <uses-permission android:name="android.permission.READ_PHONE_STATE" />
21-->src/main/AndroidManifest.xml:16:5-75
21-->src/main/AndroidManifest.xml:16:22-72
22    <!-- 蓝牙权限 -->
23    <uses-permission android:name="android.permission.BLUETOOTH" />
23-->src/main/AndroidManifest.xml:18:5-68
23-->src/main/AndroidManifest.xml:18:22-65
24    <!-- 自动更新URI跳转安装时需要 -->
25    <uses-permission android:name="android.permission.REQUEST_INSTALL_PACKAGES" />
25-->src/main/AndroidManifest.xml:20:5-83
25-->src/main/AndroidManifest.xml:20:22-80
26
27    <application>
27-->src/main/AndroidManifest.xml:23:5-35:19
28
29        <!-- FileProvider配置访问路径，适配7.0及其以上 -->
30        <provider
30-->src/main/AndroidManifest.xml:25:9-34:20
31            android:name="androidx.core.content.FileProvider"
31-->src/main/AndroidManifest.xml:26:13-62
32            android:authorities="dollar_openBracket_applicationId_closeBracket.fileprovider"
32-->src/main/AndroidManifest.xml:27:13-64
33            android:banner="@string/alivc_common_cancel"
33-->src/main/AndroidManifest.xml:30:13-57
34            android:exported="false"
34-->src/main/AndroidManifest.xml:28:13-37
35            android:grantUriPermissions="true" >
35-->src/main/AndroidManifest.xml:29:13-47
36            <meta-data
36-->src/main/AndroidManifest.xml:31:13-33:57
37                android:name="android.support.FILE_PROVIDER_PATHS"
37-->src/main/AndroidManifest.xml:32:17-67
38                android:resource="@xml/provider_paths" />
38-->src/main/AndroidManifest.xml:33:17-55
39        </provider>
40    </application>
41
42</manifest>